Build started 07-06-2016 10:54:02.
     1>Project "D:\Mission R&D\JSONParser\JSONParser\JSONParser.vcxproj" on node 2 (Build target(s)).
     1>ClCompile:
         C:\Program Files (x86)\Microsoft Visual Studio 12.0\VC\bin\CL.exe /c /ZI /nologo /W3 /WX- /Od /Oy- /D WIN32 /D _DEBUG /D _CONSOLE /D _LIB /D _UNICODE /D UNICODE /Gm /EHsc /RTC1 /MDd /GS /fp:precise /Zc:wchar_t /Zc:forScope /Fo"Debug\\" /Fd"Debug\vc120.pdb" /Gd /TP /analyze- /errorReport:prompt MainCode..cpp
         MainCode..cpp
     1>d:\mission r&d\jsonparser\jsonparser\maincode..cpp(35): warning C4101: 'i' : unreferenced local variable
     1>d:\mission r&d\jsonparser\jsonparser\maincode..cpp(68): warning C4101: 'value' : unreferenced local variable
     1>d:\mission r&d\jsonparser\jsonparser\maincode..cpp(252): warning C4996: 'fopen': This function or variable may be unsafe. Consider using fopen_s instead. To disable deprecation, use _CRT_SECURE_NO_WARNINGS. See online help for details.
                 c:\program files (x86)\microsoft visual studio 12.0\vc\include\stdio.h(211) : see declaration of 'fopen'
     1>d:\mission r&d\jsonparser\jsonparser\maincode..cpp(259): warning C4996: 'fopen': This function or variable may be unsafe. Consider using fopen_s instead. To disable deprecation, use _CRT_SECURE_NO_WARNINGS. See online help for details.
                 c:\program files (x86)\microsoft visual studio 12.0\vc\include\stdio.h(211) : see declaration of 'fopen'
     1>d:\mission r&d\jsonparser\jsonparser\maincode..cpp(270): warning C4996: 'scanf': This function or variable may be unsafe. Consider using scanf_s instead. To disable deprecation, use _CRT_SECURE_NO_WARNINGS. See online help for details.
                 c:\program files (x86)\microsoft visual studio 12.0\vc\include\stdio.h(283) : see declaration of 'scanf'
     1>d:\mission r&d\jsonparser\jsonparser\maincode..cpp(273): warning C4996: 'scanf': This function or variable may be unsafe. Consider using scanf_s instead. To disable deprecation, use _CRT_SECURE_NO_WARNINGS. See online help for details.
                 c:\program files (x86)\microsoft visual studio 12.0\vc\include\stdio.h(283) : see declaration of 'scanf'
     1>d:\mission r&d\jsonparser\jsonparser\maincode..cpp(278): warning C4996: 'scanf': This function or variable may be unsafe. Consider using scanf_s instead. To disable deprecation, use _CRT_SECURE_NO_WARNINGS. See online help for details.
                 c:\program files (x86)\microsoft visual studio 12.0\vc\include\stdio.h(283) : see declaration of 'scanf'
     1>d:\mission r&d\jsonparser\jsonparser\maincode..cpp(283): warning C4996: 'scanf': This function or variable may be unsafe. Consider using scanf_s instead. To disable deprecation, use _CRT_SECURE_NO_WARNINGS. See online help for details.
                 c:\program files (x86)\microsoft visual studio 12.0\vc\include\stdio.h(283) : see declaration of 'scanf'
       Link:
         C:\Program Files (x86)\Microsoft Visual Studio 12.0\VC\bin\link.exe /ERRORREPORT:PROMPT /OUT:"D:\Mission R&D\JSONParser\Debug\JSONParser.exe" /INCREMENTAL /NOLOGO kernel32.lib user32.lib gdi32.lib winspool.lib comdlg32.lib advapi32.lib shell32.lib ole32.lib oleaut32.lib uuid.lib odbc32.lib odbccp32.lib /MANIFEST /MANIFESTUAC:"level='asInvoker' uiAccess='false'" /manifest:embed /DEBUG /PDB:"D:\Mission R&D\JSONParser\Debug\JSONParser.pdb" /SUBSYSTEM:CONSOLE /TLBID:1 /DYNAMICBASE /NXCOMPAT /IMPLIB:"D:\Mission R&D\JSONParser\Debug\JSONParser.lib" /MACHINE:X86 Debug\MainCode..obj
         JSONParser.vcxproj -> D:\Mission R&D\JSONParser\Debug\JSONParser.exe
     1>Done Building Project "D:\Mission R&D\JSONParser\JSONParser\JSONParser.vcxproj" (Build target(s)).

Build succeeded.

Time Elapsed 00:00:00.58
